Using pre-set license
Built from '2020.3/staging' branch; Version is '2020.3.3f1 (76626098c1c4) revision 7758432'; Using compiler version '192528614'; Build Type 'Release'
OS: 'Windows 10 Home Single Language; OS build 19044.1889; Version 2009; 64bit' Language: 'ru' Physical Memory: 8074 MB
BatchMode: 1, IsHumanControllingUs: 0, StartBugReporterOnCrash: 0, Is64bit: 1, IsPro: 0

 COMMAND LINE ARGUMENTS:
D:\UnityEditors\2020.3.3f1\Editor\Unity.exe
-adb2
-batchMode
-noUpm
-name
AssetImportWorker0
-projectPath
D:/Projects/Test
-logFile
Logs/AssetImportWorker0.log
-srvPort
61775
Successfully changed project path to: D:/Projects/Test
D:/Projects/Test
Using Asset Import Pipeline V2.
Refreshing native plugins compatible for Editor in 38.24 ms, found 0 plugins.
Preloading 0 native plugins for Editor in 0.00 ms.
Initialize engine version: 2020.3.3f1 (76626098c1c4)
[Subsystems] Discovering subsystems at path D:/UnityEditors/2020.3.3f1/Editor/Data/Resources/UnitySubsystems
[Subsystems] Discovering subsystems at path D:/Projects/Test/Assets
GfxDevice: creating device client; threaded=0
Direct3D:
    Version:  Direct3D 11.0 [level 11.1]
    Renderer: NVIDIA GeForce MX150 (ID=0x1d10)
    Vendor:   
    VRAM:     1983 MB
    Driver:   31.0.15.1601
Initialize mono
Mono path[0] = 'D:/UnityEditors/2020.3.3f1/Editor/Data/Managed'
Mono path[1] = 'D:/UnityEditors/2020.3.3f1/Editor/Data/MonoBleedingEdge/lib/mono/unityjit'
Mono config path = 'D:/UnityEditors/2020.3.3f1/Editor/Data/MonoBleedingEdge/etc'
Using monoOptions --debugger-agent=transport=dt_socket,embedding=1,server=y,suspend=n,address=127.0.0.1:56352
Begin MonoManager ReloadAssembly
Registering precompiled unity dll's ...
Register platform support module: D:/UnityEditors/2020.3.3f1/Editor/Data/PlaybackEngines/WindowsStandaloneSupport/UnityEditor.WindowsStandalone.Extensions.dll
Registered in 0.002460 seconds.
Native extension for WindowsStandalone target not found
Refreshing native plugins compatible for Editor in 36.05 ms, found 0 plugins.
Preloading 0 native plugins for Editor in 0.00 ms.
Invoked RoslynAnalysisRunner static constructor.
RoslynAnalysisRunner will not be running.
RoslynAnalysisRunner has terminated.
Mono: successfully reloaded assembly
- Completed reload, in  1.397 seconds
Platform modules already initialized, skipping
Registering precompiled user dll's ...
Registered in 0.000774 seconds.
Begin MonoManager ReloadAssembly
Native extension for WindowsStandalone target not found
Refreshing native plugins compatible for Editor in 0.27 ms, found 0 plugins.
Preloading 0 native plugins for Editor in 0.00 ms.
Invoked RoslynAnalysisRunner static constructor.
RoslynAnalysisRunner will not be running.
RoslynAnalysisRunner has terminated.
Mono: successfully reloaded assembly
- Completed reload, in  1.113 seconds
Platform modules already initialized, skipping
========================================================================
Worker process is ready to serve import requests
Launched and connected shader compiler UnityShaderCompiler.exe after 0.09 seconds
Refreshing native plugins compatible for Editor in 0.28 ms, found 0 plugins.
Preloading 0 native plugins for Editor in 0.00 ms.
Unloading 1115 Unused Serialized files (Serialized files now loaded: 0)
System memory in use before: 57.1 MB.
System memory in use after: 57.2 MB.

Unloading 10 unused Assets to reduce memory usage. Loaded Objects now: 1558.
Total: 4.022300 ms (FindLiveObjects: 0.261600 ms CreateObjectMapping: 0.054600 ms MarkObjects: 3.576600 ms  DeleteObjects: 0.127300 ms)

========================================================================
Received Import Request.
  path: Assets/Scenes/Touchpad1.unity
  artifactKey: Guid(9fc0d4010bbf28b4594072e72b8655ab) Importer(815301076,1909f56bfc062723c751e8b465ee728b)
Start importing Assets/Scenes/Touchpad1.unity using Guid(9fc0d4010bbf28b4594072e72b8655ab) Importer(815301076,1909f56bfc062723c751e8b465ee728b)  -> (artifact id: 'd0cc5a7636df0428e10576a853fd012e') in 0.021904 seconds
  Import took 0.024986 seconds .

========================================================================
Received Prepare
Registering precompiled user dll's ...
Registered in 0.000710 seconds.
Begin MonoManager ReloadAssembly
Native extension for WindowsStandalone target not found
Refreshing native plugins compatible for Editor in 0.30 ms, found 0 plugins.
Preloading 0 native plugins for Editor in 0.00 ms.
Invoked RoslynAnalysisRunner static constructor.
RoslynAnalysisRunner will not be running.
RoslynAnalysisRunner has terminated.
Mono: successfully reloaded assembly
- Completed reload, in  1.367 seconds
Platform modules already initialized, skipping
Refreshing native plugins compatible for Editor in 0.27 ms, found 0 plugins.
Preloading 0 native plugins for Editor in 0.00 ms.
Unloading 1110 Unused Serialized files (Serialized files now loaded: 0)
System memory in use before: 57.1 MB.
System memory in use after: 57.1 MB.

Unloading 5 unused Assets to reduce memory usage. Loaded Objects now: 1561.
Total: 2.786800 ms (FindLiveObjects: 0.375500 ms CreateObjectMapping: 0.121500 ms MarkObjects: 2.209800 ms  DeleteObjects: 0.077300 ms)

========================================================================
Received Import Request.
  Time since last request: 21.810634 seconds.
  path: Assets/Scenes/Touchpad2.unity
  artifactKey: Guid(de11b04df6e94cf40a58ce744a08e1d2) Importer(815301076,1909f56bfc062723c751e8b465ee728b)
Start importing Assets/Scenes/Touchpad2.unity using Guid(de11b04df6e94cf40a58ce744a08e1d2) Importer(815301076,1909f56bfc062723c751e8b465ee728b)  -> (artifact id: '6177daefc211c1a2db3c7c4a5125875a') in 0.018434 seconds
  Import took 0.022096 seconds .

========================================================================
Received Import Request.
  Time since last request: 0.002839 seconds.
  path: Assets/Scenes/Touchpad2.unity
  artifactKey: Guid(de11b04df6e94cf40a58ce744a08e1d2) Importer(815301076,1909f56bfc062723c751e8b465ee728b)
Start importing Assets/Scenes/Touchpad2.unity using Guid(de11b04df6e94cf40a58ce744a08e1d2) Importer(815301076,1909f56bfc062723c751e8b465ee728b)  -> (artifact id: '6177daefc211c1a2db3c7c4a5125875a') in 0.002731 seconds
  Import took 0.006572 seconds .

========================================================================
Received Prepare
Registering precompiled user dll's ...
Registered in 0.000734 seconds.
Begin MonoManager ReloadAssembly
Native extension for WindowsStandalone target not found
Refreshing native plugins compatible for Editor in 0.28 ms, found 0 plugins.
Preloading 0 native plugins for Editor in 0.00 ms.
Invoked RoslynAnalysisRunner static constructor.
RoslynAnalysisRunner will not be running.
RoslynAnalysisRunner has terminated.
Mono: successfully reloaded assembly
- Completed reload, in  1.087 seconds
Platform modules already initialized, skipping
Refreshing native plugins compatible for Editor in 0.38 ms, found 0 plugins.
Preloading 0 native plugins for Editor in 0.00 ms.
Unloading 1110 Unused Serialized files (Serialized files now loaded: 0)
System memory in use before: 57.1 MB.
System memory in use after: 57.2 MB.

Unloading 5 unused Assets to reduce memory usage. Loaded Objects now: 1564.
Total: 2.898300 ms (FindLiveObjects: 0.306500 ms CreateObjectMapping: 0.059700 ms MarkObjects: 2.459500 ms  DeleteObjects: 0.070300 ms)

========================================================================
Received Import Request.
  Time since last request: 134.605134 seconds.
  path: Assets/Input/1.7 2 Образец.png
  artifactKey: Guid(7b42a0c45c33f0d44840ca4d5e27a67d) Importer(815301076,1909f56bfc062723c751e8b465ee728b)
Start importing Assets/Input/1.7 2 Образец.png using Guid(7b42a0c45c33f0d44840ca4d5e27a67d) Importer(815301076,1909f56bfc062723c751e8b465ee728b)  -> (artifact id: '097c603176ddc0f982da04b981dfd65f') in 0.060304 seconds
  Import took 0.064027 seconds .

========================================================================
Received Import Request.
  Time since last request: 55.795567 seconds.
  path: Assets/Scenes/Touchpad1.unity
  artifactKey: Guid(9fc0d4010bbf28b4594072e72b8655ab) Importer(815301076,1909f56bfc062723c751e8b465ee728b)
Start importing Assets/Scenes/Touchpad1.unity using Guid(9fc0d4010bbf28b4594072e72b8655ab) Importer(815301076,1909f56bfc062723c751e8b465ee728b)  -> (artifact id: '84b84c18cbca06d68d0171c34977e20b') in 0.003268 seconds
  Import took 0.009068 seconds .

========================================================================
Received Prepare
Registering precompiled user dll's ...
Registered in 0.000707 seconds.
Begin MonoManager ReloadAssembly
Native extension for WindowsStandalone target not found
Refreshing native plugins compatible for Editor in 0.36 ms, found 0 plugins.
Preloading 0 native plugins for Editor in 0.00 ms.
Invoked RoslynAnalysisRunner static constructor.
RoslynAnalysisRunner will not be running.
RoslynAnalysisRunner has terminated.
Mono: successfully reloaded assembly
- Completed reload, in  1.036 seconds
Platform modules already initialized, skipping
Refreshing native plugins compatible for Editor in 0.32 ms, found 0 plugins.
Preloading 0 native plugins for Editor in 0.00 ms.
Unloading 1110 Unused Serialized files (Serialized files now loaded: 0)
System memory in use before: 57.1 MB.
System memory in use after: 57.2 MB.

Unloading 5 unused Assets to reduce memory usage. Loaded Objects now: 1567.
Total: 2.855800 ms (FindLiveObjects: 0.342100 ms CreateObjectMapping: 0.096500 ms MarkObjects: 2.338100 ms  DeleteObjects: 0.077300 ms)

========================================================================
Received Import Request.
  Time since last request: 86.246657 seconds.
  path: Assets/Scenes/Touchpad2.unity
  artifactKey: Guid(de11b04df6e94cf40a58ce744a08e1d2) Importer(815301076,1909f56bfc062723c751e8b465ee728b)
Start importing Assets/Scenes/Touchpad2.unity using Guid(de11b04df6e94cf40a58ce744a08e1d2) Importer(815301076,1909f56bfc062723c751e8b465ee728b)  -> (artifact id: '1f55d50c22a7beaec97af5e6e5ca5282') in 0.014513 seconds
  Import took 0.019349 seconds .

========================================================================
Received Prepare
Registering precompiled user dll's ...
Registered in 0.000634 seconds.
Begin MonoManager ReloadAssembly
Native extension for WindowsStandalone target not found
Refreshing native plugins compatible for Editor in 0.42 ms, found 0 plugins.
Preloading 0 native plugins for Editor in 0.00 ms.
Invoked RoslynAnalysisRunner static constructor.
RoslynAnalysisRunner will not be running.
RoslynAnalysisRunner has terminated.
Mono: successfully reloaded assembly
- Completed reload, in  0.956 seconds
Platform modules already initialized, skipping
Refreshing native plugins compatible for Editor in 0.24 ms, found 0 plugins.
Preloading 0 native plugins for Editor in 0.00 ms.
Unloading 1110 Unused Serialized files (Serialized files now loaded: 0)
System memory in use before: 57.1 MB.
System memory in use after: 57.2 MB.

Unloading 5 unused Assets to reduce memory usage. Loaded Objects now: 1570.
Total: 2.512800 ms (FindLiveObjects: 0.291700 ms CreateObjectMapping: 0.071300 ms MarkObjects: 2.068300 ms  DeleteObjects: 0.079600 ms)

========================================================================
Received Prepare
Registering precompiled user dll's ...
Registered in 0.001405 seconds.
Begin MonoManager ReloadAssembly
Native extension for WindowsStandalone target not found
Refreshing native plugins compatible for Editor in 0.34 ms, found 0 plugins.
Preloading 0 native plugins for Editor in 0.00 ms.
Invoked RoslynAnalysisRunner static constructor.
RoslynAnalysisRunner will not be running.
RoslynAnalysisRunner has terminated.
Mono: successfully reloaded assembly
- Completed reload, in  1.341 seconds
Platform modules already initialized, skipping
Refreshing native plugins compatible for Editor in 0.30 ms, found 0 plugins.
Preloading 0 native plugins for Editor in 0.00 ms.
Unloading 1110 Unused Serialized files (Serialized files now loaded: 0)
System memory in use before: 57.1 MB.
System memory in use after: 57.2 MB.

Unloading 5 unused Assets to reduce memory usage. Loaded Objects now: 1573.
Total: 3.126700 ms (FindLiveObjects: 0.274900 ms CreateObjectMapping: 0.080800 ms MarkObjects: 2.668200 ms  DeleteObjects: 0.100300 ms)

========================================================================
Received Import Request.
  Time since last request: 1894.161960 seconds.
  path: Assets/Input/1.7 2 Фото.png
  artifactKey: Guid(de91b898ac2abf847a38c6b93475fed3) Importer(815301076,1909f56bfc062723c751e8b465ee728b)
Start importing Assets/Input/1.7 2 Фото.png using Guid(de91b898ac2abf847a38c6b93475fed3) Importer(815301076,1909f56bfc062723c751e8b465ee728b)  -> (artifact id: 'b76c9d6b54af6591f8307797ccea4e5f') in 0.075711 seconds
  Import took 0.078747 seconds .

========================================================================
Received Import Request.
  Time since last request: 0.000649 seconds.
  path: Assets/Input/1.7 2 Фото.png
  artifactKey: Guid(de91b898ac2abf847a38c6b93475fed3) Importer(815301076,1909f56bfc062723c751e8b465ee728b)
Start importing Assets/Input/1.7 2 Фото.png using Guid(de91b898ac2abf847a38c6b93475fed3) Importer(815301076,1909f56bfc062723c751e8b465ee728b)  -> (artifact id: 'b76c9d6b54af6591f8307797ccea4e5f') in 0.009360 seconds
  Import took 0.011782 seconds .

========================================================================
Received Import Request.
  Time since last request: 2.001685 seconds.
  path: Assets/Input/1.7 2 Образец.png
  artifactKey: Guid(7b42a0c45c33f0d44840ca4d5e27a67d) Importer(815301076,1909f56bfc062723c751e8b465ee728b)
Start importing Assets/Input/1.7 2 Образец.png using Guid(7b42a0c45c33f0d44840ca4d5e27a67d) Importer(815301076,1909f56bfc062723c751e8b465ee728b)  -> (artifact id: '1160979830338e1e2af50868a6546fca') in 0.011971 seconds
  Import took 0.018180 seconds .

========================================================================
Received Import Request.
  Time since last request: 4.307207 seconds.
  path: Assets/Input/1.7 2 Фото.png
  artifactKey: Guid(de91b898ac2abf847a38c6b93475fed3) Importer(815301076,1909f56bfc062723c751e8b465ee728b)
Start importing Assets/Input/1.7 2 Фото.png using Guid(de91b898ac2abf847a38c6b93475fed3) Importer(815301076,1909f56bfc062723c751e8b465ee728b)  -> (artifact id: '1df757cb0372dcd8c1604caa2e238691') in 0.096201 seconds
  Import took 0.098966 seconds .

========================================================================
Received Prepare
Registering precompiled user dll's ...
Registered in 0.000636 seconds.
Begin MonoManager ReloadAssembly
Native extension for WindowsStandalone target not found
Refreshing native plugins compatible for Editor in 0.26 ms, found 0 plugins.
Preloading 0 native plugins for Editor in 0.00 ms.
Invoked RoslynAnalysisRunner static constructor.
RoslynAnalysisRunner will not be running.
RoslynAnalysisRunner has terminated.
Mono: successfully reloaded assembly
- Completed reload, in  0.898 seconds
Platform modules already initialized, skipping
Refreshing native plugins compatible for Editor in 0.32 ms, found 0 plugins.
Preloading 0 native plugins for Editor in 0.00 ms.
Unloading 1110 Unused Serialized files (Serialized files now loaded: 0)
System memory in use before: 60.2 MB.
System memory in use after: 60.3 MB.

Unloading 5 unused Assets to reduce memory usage. Loaded Objects now: 1583.
Total: 2.603200 ms (FindLiveObjects: 0.260200 ms CreateObjectMapping: 0.104900 ms MarkObjects: 2.162200 ms  DeleteObjects: 0.073700 ms)

========================================================================
Received Prepare
Registering precompiled user dll's ...
Registered in 0.000623 seconds.
Begin MonoManager ReloadAssembly
Native extension for WindowsStandalone target not found
Refreshing native plugins compatible for Editor in 0.43 ms, found 0 plugins.
Preloading 0 native plugins for Editor in 0.00 ms.
Invoked RoslynAnalysisRunner static constructor.
RoslynAnalysisRunner will not be running.
RoslynAnalysisRunner has terminated.
Mono: successfully reloaded assembly
- Completed reload, in  0.923 seconds
Platform modules already initialized, skipping
Refreshing native plugins compatible for Editor in 0.25 ms, found 0 plugins.
Preloading 0 native plugins for Editor in 0.00 ms.
Unloading 1110 Unused Serialized files (Serialized files now loaded: 0)
System memory in use before: 60.2 MB.
System memory in use after: 60.3 MB.

Unloading 5 unused Assets to reduce memory usage. Loaded Objects now: 1586.
Total: 2.567100 ms (FindLiveObjects: 0.347100 ms CreateObjectMapping: 0.139800 ms MarkObjects: 2.010200 ms  DeleteObjects: 0.067600 ms)

AssetImportWorkerClient::OnTransportError - code=2 error=End of file
